#
# There is insufficient memory for the Java Runtime Environment to continue.
# Native memory allocation (mmap) failed to map 536870912 bytes for Failed to commit area from 0x0000000601400000 to 0x0000000621400000 of length 536870912.
# Possible reasons:
#   The system is out of physical RAM or swap space
#   The process is running with CompressedOops enabled, and the Java Heap may be blocking the growth of the native heap
# Possible solutions:
#   Reduce memory load on the system
#   Increase physical memory or swap space
#   Check if swap backing store is full
#   Decrease Java heap size (-Xmx/-Xms)
#   Decrease number of Java threads
#   Decrease Java thread stack sizes (-Xss)
#   Set larger code cache with -XX:ReservedCodeCacheSize=
# This output file may be truncated or incomplete.
#
#  Out of Memory Error (t:/workspace/open/src/hotspot/os/windows/os_windows.cpp:3269), pid=31592, tid=27804
#
# JRE version:  (11.0.2+9) (build )
# Java VM: OpenJDK 64-Bit Server VM (11.0.2+9, mixed mode, aot, sharing, tiered, compressed oops, g1 gc, windows-amd64)
# No core dump will be written. Minidumps are not enabled by default on client versions of Windows
#

---------------  S U M M A R Y ------------

Command Line: bob/bob.jar clean resolve

Host: AMD Ryzen 7 3800X 8-Core Processor             , 16 cores, 31G,  Windows 10 , 64 bit Build 19041 (10.0.19041.662)
Time: Tue Feb 23 18:29:16 2021 RTZ 2 (зима) elapsed time: 0 seconds (0d 0h 0m 0s)

---------------  T H R E A D  ---------------

Current thread (0x000001ed1f655000):  JavaThread "Unknown thread" [_thread_in_vm, id=27804, stack(0x0000008d5f500000,0x0000008d5f600000)]

Stack: [0x0000008d5f500000,0x0000008d5f600000]
Native frames: (J=compiled Java code, j=interpreted, Vv=VM code, C=native code)
V  [jvm.dll+0x63489a]
V  [jvm.dll+0x771f9f]
V  [jvm.dll+0x773648]
V  [jvm.dll+0x773d03]
V  [jvm.dll+0x25eba8]
V  [jvm.dll+0x631d3a]
V  [jvm.dll+0x626775]
V  [jvm.dll+0x313ffc]
V  [jvm.dll+0x313e82]
V  [jvm.dll+0x3196e6]
V  [jvm.dll+0x36579f]
V  [jvm.dll+0x3651c0]
V  [jvm.dll+0x2f0ff8]
V  [jvm.dll+0x2f2156]
V  [jvm.dll+0x74b4f7]
V  [jvm.dll+0x74cc3f]
V  [jvm.dll+0x372609]
V  [jvm.dll+0x731b69]
V  [jvm.dll+0x3e1bad]
V  [jvm.dll+0x3e3e81]
C  [java.exe+0x3607]
C  [java.exe+0x1746c]
C  [KERNEL32.DLL+0x17034]
C  [ntdll.dll+0x4d0d1]


---------------  P R O C E S S  ---------------

Threads class SMR info:
_java_thread_list=0x000001ed1dd53c00, length=0, elements={
}

Java Threads: ( => current thread )

Other Threads:
  0x000001ed1f669000 GCTaskThread "GC Thread#0" [stack: 0x0000008d5f600000,0x0000008d5f700000] [id=26540]
  0x000001ed1f6eb000 ConcurrentGCThread "G1 Main Marker" [stack: 0x0000008d5f700000,0x0000008d5f800000] [id=12588]
  0x000001ed1f6ec800 ConcurrentGCThread "G1 Conc#0" [stack: 0x0000008d5f800000,0x0000008d5f900000] [id=29032]

[error occurred during error reporting (printing all threads), id 0xc0000005, EXCEPTION_ACCESS_VIOLATION (0xc0000005) at pc=0x00007fff9308f5b7]

VM state:not at safepoint (not fully initialized)

VM Mutex/Monitor currently owned by a thread:  ([mutex/lock_event])
[0x000001ed1f64eae0] Heap_lock - owner thread: 0x000001ed1f655000

Heap address: 0x0000000601400000, size: 8172 MB, Compressed Oops mode: Non-zero based: 0x0000000601400000
Narrow klass base: 0x0000000000000000, Narrow klass shift: 0

GC Heap History (0 events):
No events

Deoptimization events (0 events):
No events

Classes redefined (0 events):
No events

Internal exceptions (0 events):
No events

Events (0 events):
No events


Dynamic libraries:
0x00007ff7ddad0000 - 0x00007ff7ddb15000 	C:\Program Files\Java\jdk-11.0.2\bin\java.exe
0x00007ff861990000 - 0x00007ff861b86000 	C:\windows\SYSTEM32\ntdll.dll
0x00007ff860820000 - 0x00007ff8608dd000 	C:\windows\System32\KERNEL32.DLL
0x00007ff85f280000 - 0x00007ff85f549000 	C:\windows\System32\KERNELBASE.dll
0x00007ff8608e0000 - 0x00007ff860a80000 	C:\windows\System32\USER32.dll
0x00007ff85f920000 - 0x00007ff85f942000 	C:\windows\System32\win32u.dll
0x00007ff861100000 - 0x00007ff86112a000 	C:\windows\System32\GDI32.dll
0x00007ff85f810000 - 0x00007ff85f919000 	C:\windows\System32\gdi32full.dll
0x00007ff85f950000 - 0x00007ff85f9ed000 	C:\windows\System32\msvcp_win.dll
0x00007ff85f180000 - 0x00007ff85f280000 	C:\windows\System32\ucrtbase.dll
0x00007ff84f940000 - 0x00007ff84fbdb000 	C:\windows\WinSxS\amd64_microsoft.windows.common-controls_6595b64144ccf1df_6.0.19041.488_none_ca04af081b815d21\COMCTL32.dll
0x00007ff8600b0000 - 0x00007ff86014e000 	C:\windows\System32\msvcrt.dll
0x00007ff860c00000 - 0x00007ff860c30000 	C:\windows\System32\IMM32.DLL
0x00007ff822340000 - 0x00007ff822356000 	C:\Program Files\Java\jdk-11.0.2\bin\vcruntime140.dll
0x00007ff8053b0000 - 0x00007ff80545a000 	C:\Program Files\Java\jdk-11.0.2\bin\msvcp140.dll
0x00007fff92d90000 - 0x00007fff938b3000 	C:\Program Files\Java\jdk-11.0.2\bin\server\jvm.dll
0x00007ff860210000 - 0x00007ff8602bc000 	C:\windows\System32\ADVAPI32.dll
0x00007ff860cb0000 - 0x00007ff860d4c000 	C:\windows\System32\sechost.dll
0x00007ff85fa80000 - 0x00007ff85fbab000 	C:\windows\System32\RPCRT4.dll
0x00007ff860c30000 - 0x00007ff860c38000 	C:\windows\System32\PSAPI.DLL
0x00007ff859aa0000 - 0x00007ff859ac7000 	C:\windows\SYSTEM32\WINMM.dll
0x00007ff844a60000 - 0x00007ff844a69000 	C:\windows\SYSTEM32\WSOCK32.dll
0x00007ff859380000 - 0x00007ff85938a000 	C:\windows\SYSTEM32\VERSION.dll
0x00007ff860c40000 - 0x00007ff860cab000 	C:\windows\System32\WS2_32.dll
0x00007ff85d000000 - 0x00007ff85d012000 	C:\windows\SYSTEM32\kernel.appcore.dll
0x00007ff821870000 - 0x00007ff821881000 	C:\Program Files\Java\jdk-11.0.2\bin\verify.dll
0x00007ff8575e0000 - 0x00007ff8577c4000 	C:\windows\SYSTEM32\DBGHELP.DLL
0x00007ff842a40000 - 0x00007ff842a6c000 	C:\windows\SYSTEM32\dbgcore.DLL
0x00007ff85f630000 - 0x00007ff85f6b0000 	C:\windows\System32\bcryptPrimitives.dll
0x00007ff8055f0000 - 0x00007ff805618000 	C:\Program Files\Java\jdk-11.0.2\bin\java.dll
0x00007ff81e390000 - 0x00007ff81e3a6000 	C:\Program Files\Java\jdk-11.0.2\bin\zip.dll
0x00007ff824c80000 - 0x00007ff824c8a000 	C:\Program Files\Java\jdk-11.0.2\bin\jimage.dll

dbghelp: loaded successfully - version: 4.0.5 - missing functions: none
symbol engine: initialized successfully - sym options: 0x614 - pdb path: .;C:\Program Files\Java\jdk-11.0.2\bin;C:\windows\SYSTEM32;C:\windows\WinSxS\amd64_microsoft.windows.common-controls_6595b64144ccf1df_6.0.19041.488_none_ca04af081b815d21;C:\Program Files\Java\jdk-11.0.2\bin\server

VM Arguments:
java_command: bob/bob.jar clean resolve
java_class_path (initial): bob/bob.jar
Launcher Type: SUN_STANDARD

[Global flags]
     intx CICompilerCount                          = 12                                        {product} {ergonomic}
     uint ConcGCThreads                            = 3                                         {product} {ergonomic}
     uint G1ConcRefinementThreads                  = 13                                        {product} {ergonomic}
   size_t G1HeapRegionSize                         = 2097152                                   {product} {ergonomic}
    uintx GCDrainStackTargetSize                   = 64                                        {product} {ergonomic}
   size_t InitialHeapSize                          = 536870912                                 {product} {ergonomic}
   size_t MarkStackSize                            = 4194304                                   {product} {ergonomic}
   size_t MaxHeapSize                              = 8568963072                                {product} {ergonomic}
   size_t MinHeapDeltaBytes                        = 2097152                                   {product} {ergonomic}
    uintx NonNMethodCodeHeapSize                   = 7591728                                {pd product} {ergonomic}
    uintx NonProfiledCodeHeapSize                  = 122033256                              {pd product} {ergonomic}
    uintx ProfiledCodeHeapSize                     = 122033256                              {pd product} {ergonomic}
    uintx ReservedCodeCacheSize                    = 251658240                              {pd product} {ergonomic}
     bool SegmentedCodeCache                       = true                                      {product} {ergonomic}
     bool UseCompressedClassPointers               = true                                 {lp64_product} {ergonomic}
     bool UseCompressedOops                        = true                                 {lp64_product} {ergonomic}
     bool UseG1GC                                  = true                                      {product} {ergonomic}
     bool UseLargePagesIndividualAllocation        = false                                  {pd product} {ergonomic}

Logging:
Log output configuration:
 #0: stdout all=warning uptime,level,tags
 #1: stderr all=off uptime,level,tags

Environment Variables:
PATH=C:\Program Files\ImageMagick-7.0.10-Q16-HDRI;C:\Python39\Scripts\;C:\Python39\;C:\Windows\system32;C:\Windows;C:\Windows\System32\Wbem;C:\Windows\System32\WindowsPowerShell\v1.0\;C:\Windows\System32\OpenSSH\;C:\Program Files (x86)\NVIDIA Corporation\PhysX\Common;C:\Program Files\NVIDIA Corporation\NVIDIA NvDLISR;C:\MinGW\bin;C:\develop\bin;C:\develop\adb;C:\develop\lua\5.1\bin;C:\develop\luarocks-3.3.1-windows-32;C:\Users\d954m\AppData\Roaming\luarocks\bin;C:\HaxeToolkit\haxe;C:\HaxeToolkit\neko;C:\Program Files\Git\cmd;C:\Program Files\nodejs\;C:\ProgramData\chocolatey\bin;C:\Program Files\Java\jdk-11.0.2\bin;C:\Program Files\Java\jdk1.8.0_181\bin;C:\Program Files\Common Files\Oracle\Java\javapath;C:\Program Files (x86)\Common Files\Oracle\Java\javapath;C:\Program Files\PuTTY\;C:\develop\mongodb-database-tools\bin;C:\Program Files (x86)\HP\Common\HPDestPlgIn\;C:\develop\gradle\gradle-6.7.1\bin;C:\Program Files (x86)\AOMEI\AOMEI Backupper 6.3.0;C:\Program Files\dotnet\;C:\Users\d954m\AppData\Local\Microsoft\WindowsApps;C:\Users\d954m\AppData\Roaming\npm;C:\Program Files\heroku\bin;C:\Program Files (x86)\HP\Common\HPDestPlgIn\;C:\Users\d954m\.dotnet\tools
USERNAME=d954m
OS=Windows_NT
PROCESSOR_IDENTIFIER=AMD64 Family 23 Model 113 Stepping 0, AuthenticAMD



---------------  S Y S T E M  ---------------

OS: Windows 10 , 64 bit Build 19041 (10.0.19041.662)

CPU:total 16 (initial active 16) (16 cores per cpu, 2 threads per core) family 23 model 113 stepping 0, cmov, cx8, fxsr, mmx, sse, sse2, sse3, ssse3, sse4.1, sse4.2, popcnt, avx, avx2, aes, clmul, mmxext, 3dnowpref, lzcnt, sse4a, ht, tsc, tscinvbit, tscinv, bmi1, bmi2, adx, sha, fma

Memory: 4k page, system-wide physical 32682M (8158M free)
TotalPageFile size 34730M (AvailPageFile size 128M)
current process WorkingSet (physical memory assigned to process): 10M, peak: 10M
current process commit charge ("private bytes"): 71M, peak: 583M

vm_info: OpenJDK 64-Bit Server VM (11.0.2+9) for windows-amd64 JRE (11.0.2+9), built on Jan 18 2019 05:23:22 by "mach5one" with MS VC++ 15.5 (VS2017)

END.
